<?xml version="1.0" encoding="UTF-8"?>
<testng-results ignored="0" total="3" passed="3" failed="0" skipped="0">
  <reporter-output>
  </reporter-output>
  <suite started-at="2023-06-04T08:59:38 IST" name="Default suite" finished-at="2023-06-04T08:59:38 IST" duration-ms="77">
    <groups>
    </groups>
    <test started-at="2023-06-04T08:59:38 IST" name="Default test" finished-at="2023-06-04T08:59:38 IST" duration-ms="77">
      <class name="FirstTestNGPackage.TestInvocationCount">
        <test-method signature="testSignin()[pri:0, instance:FirstTestNGPackage.TestInvocationCount@37858383]" started-at="2023-06-04T08:59:38 IST" name="testSignin" finished-at="2023-06-04T08:59:38 IST" duration-ms="10" status="PASS">
          <reporter-output>
          </reporter-output>
        </test-method> <!-- testSignin -->
        <test-method signature="testSignin()[pri:0, instance:FirstTestNGPackage.TestInvocationCount@37858383]" started-at="2023-06-04T08:59:38 IST" name="testSignin" finished-at="2023-06-04T08:59:38 IST" duration-ms="1" status="PASS">
          <reporter-output>
          </reporter-output>
        </test-method> <!-- testSignin -->
        <test-method signature="testSignin()[pri:0, instance:FirstTestNGPackage.TestInvocationCount@37858383]" started-at="2023-06-04T08:59:38 IST" name="testSignin" finished-at="2023-06-04T08:59:38 IST" duration-ms="2" status="PASS">
          <reporter-output>
          </reporter-output>
        </test-method> <!-- testSignin -->
      </class> <!-- FirstTestNGPackage.TestInvocationCount -->
    </test> <!-- Default test -->
  </suite> <!-- Default suite -->
</testng-results>
