<?xml version="1.0" encoding="UTF-8"?>
<!-- Generated by org.testng.reporters.JUnitXMLReporter -->
<testsuite ignored="0" hostname="DESKTOP-FNILSU2" failures="0" tests="3" name="Default test" time="0.077" errors="0" timestamp="2023-06-04T08:59:38 IST">
  <testcase classname="FirstTestNGPackage.TestInvocationCount" name="testSignin" time="0.01"/>
  <testcase classname="FirstTestNGPackage.TestInvocationCount" name="testSignin" time="0.001"/>
  <testcase classname="FirstTestNGPackage.TestInvocationCount" name="testSignin" time="0.002"/>
</testsuite> <!-- Default test -->
